Filters:2018-06-01 13:15:24
whereClause=> WHERE SUBSTRING_INDEX( SUBSTRING_INDEX(R.R_CLASS, '.', -3), '.', 1) IN ('2+','3+','4+','5+','  ') AND R.R_SEX IN (' ') AND M.M_DATE >= '2008-08-01' AND (R.R_CLASS LIKE '%.' ) AND W.W_WGHT_CAR NOT IN ('uk', 'PEND') (213)
whereClause_WFA=> 
whereClause_trackcat=> 
whereClause_DOW=> 
whereClause_magin=> 0,0.0,.1,0.1,.1+,.2,0.2,.2+,.3,0.3,.3+,.4,0.4,.4+,.5,0.5,.5+,.6,0.6,.6+,.7,0.7,.7+,.8,0.8,.8+,.9,0.9,.9+,1,1.0,1.0+,1.1,1.1+,1.2,1.2+,1.3,1.3+,1.4,1.4+,1.5,1.5+,1.6,1.6+,1.7,1.7+,1.8,1.8+,1.9,1.9+,2,2.0,2.0+,2.1,2.1+,2.2,2.2+,2.3,2.3+,2.4,2.4+,2.5,2.5+,2.6,2.6+,2.7,2.7+,2.8,2.8+,2.9,2.9+,3,3.0,3.0+,3.1,3.1+,3.2,3.2+,3.3,3.3+,3.4,3.4+,3.5,3.5+,3.6,3.6+,3.7,3.7+,3.8,3.8+,3.9,3.9+,4,4.0,4.0+,4.1,4.1+,4.2,4.2+,4.3,4.3+,4.4,4.4+,4.5,4.5+,4.6,4.6+,4.7,4.7+,4.8,4.8+,4.9,4.9+,5,5.0,5.0+,5.1,5.1+,5.2,5.2+,5.3,5.3+,5.4,5.4+,5.5,5.5+,5.6,5.6+,5.7,5.7+,5.8,5.8+,5.9,5.9+,6,6.0,6.0+,6.1,6.1+,6.2,6.2+,6.3,6.3+,6.4,6.4+,6.5,6.5+,6.6,6.6+,6.7,6.7+,6.8,6.8+,6.9,6.9+,7,7.0,7.0+,7.1,7.1+,7.2,7.2+,7.3,7.3+,7.4,7.4+,7.5,7.5+,7.6,7.6+,7.7,7.7+,7.8,7.8+,7.9,7.9+,8,8.0,8.0+,8.1,8.1+,8.2,8.2+,8.3,8.3+,8.4,8.4+,8.5,8.5+,8.6,8.6+,8.7,8.7+,8.8,8.8+,8.9,8.9+,9,9.0,9.0+,9.1,9.1+,9.2,9.2+,9.3,9.3+,9.4,9.4+,9.5,9.5+,9.6,9.6+,9.7,9.7+,9.8,9.8+,9.9,9.9+,10,10.0,10.0+,10.1,10.1+,10.2,10.2+,10.3,10.3+,10.4,10.4+,10.5,10.5+,10.6,10.6+,10.7,10.7+,10.8,10.8+,10.9,10.9+,11,11.0,11.0+,11.1,11.1+,11.2,11.2+,11.3,11.3+,11.4,11.4+,11.5,11.5+,11.6,11.6+,11.7,11.7+,11.8,11.8+,11.9,11.9+,12,12.0,12.0+,12.1,12.1+,12.2,12.2+,12.3,12.3+,12.4,12.4+,12.5,12.5+,12.6,12.6+,12.7,12.7+,12.8,12.8+,12.9,12.9+,13,13.0,13.0+,13.1,13.1+,13.2,13.2+,13.3,13.3+,13.4,13.4+,13.5,13.5+,13.6,13.6+,13.7,13.7+,13.8,13.8+,13.9,13.9+,14,14.0,14.0+,14.1,14.1+,14.2,14.2+,14.3,14.3+,14.4,14.4+,14.5,14.5+,14.6,14.6+,14.7,14.7+,14.8,14.8+,14.9,14.9+,15,15.0,15.0+,15.1,15.1+,15.2,15.2+,15.3,15.3+,15.4,15.4+,15.5,15.5+,15.6,15.6+,15.7,15.7+,15.8,15.8+,15.9,15.9+,16,16.0,16.0+,16.1,16.1+,16.2,16.2+,16.3,16.3+,16.4,16.4+,16.5,16.5+,16.6,16.6+,16.7,16.7+,16.8,16.8+,16.9,16.9+,17,17.0,17.0+,17.1,17.1+,17.2,17.2+,17.3,17.3+,17.4,17.4+,17.5,17.5+,17.6,17.6+,17.7,17.7+,17.8,17.8+,17.9,17.9+,18,18.0,18.0+,18.1,18.1+,18.2,18.2+,18.3,18.3+,18.4,18.4+,18.5,18.5+,18.6,18.6+,18.7,18.7+,18.8,18.8+,18.9,18.9+,19,19.0,19.0+,19.1,19.1+,19.2,19.2+,19.3,19.3+,19.4,19.4+,19.5,19.5+,19.6,19.6+,19.7,19.7+,19.8,19.8+,19.9,19.9+,20,20.0,20.0+,20.1,20.1+,20.2,20.2+,20.3,20.3+,20.4,20.4+,20.5,20.5+,20.6,20.6+,20.7,20.7+,20.8,20.8+,20.9,20.9+,21,21.0,21.0+,21.1,21.1+,21.2,21.2+,21.3,21.3+,21.4,21.4+,21.5,21.5+,21.6,21.6+,21.7,21.7+,21.8,21.8+,21.9,21.9+,22,22.0,22.0+,22.1,22.1+,22.2,22.2+,22.3,22.3+,22.4,22.4+,22.5,22.5+,22.6,22.6+,22.7,22.7+,22.8,22.8+,22.9,22.9+,23,23.0,23.0+,23.1,23.1+,23.2,23.2+,23.3,23.3+,23.4,23.4+,23.5,23.5+,23.6,23.6+,23.7,23.7+,23.8,23.8+,23.9,23.9+,24,24.0,24.0+,24.1,24.1+,24.2,24.2+,24.3,24.3+,24.4,24.4+,24.5,24.5+,24.6,24.6+,24.7,24.7+,24.8,24.8+,24.9,24.9+,25,25.0,25.0+,25.1,25.1+,25.2,25.2+,25.3,25.3+,25.4,25.4+,25.5,25.5+,25.6,25.6+,25.7,25.7+,25.8,25.8+,25.9,25.9+,26,26.0,26.0+
horsmastUsed=> 0
num_result=> 1000
least_run=> 2
same=> 'Track Condition' AS SAME
daysBet=> 43
dayPreStart=> 22
selectedReport=> Track Condition
reportCol=> R.R_TR_COND AS REPORT

Filters:2018-06-09 21:18:50
whereClause=> WHERE M.M_STATE IN ('NSW') AND SUBSTRING_INDEX( SUBSTRING_INDEX(R.R_CLASS, '.', -3), '.', 1) IN ('2+','3+','4+','5+','  ') AND R.R_SEX IN (' ') AND M.M_DATE >= '2018-08-01' AND (R.R_CLASS LIKE '%.' ) AND W.W_WGHT_CAR NOT IN ('uk', 'PEND') (238)
whereClause_WFA=> 
whereClause_trackcat=> 
whereClause_DOW=> Sat
whereClause_magin=> 0,0.0,.1,0.1,.1+,.2,0.2,.2+,.3,0.3,.3+,.4,0.4,.4+,.5,0.5,.5+,.6,0.6,.6+,.7,0.7,.7+,.8,0.8,.8+,.9,0.9,.9+,1,1.0,1.0+,1.1,1.1+,1.2,1.2+,1.3,1.3+,1.4,1.4+,1.5,1.5+,1.6,1.6+,1.7,1.7+,1.8,1.8+,1.9,1.9+,2,2.0,2.0+,2.1,2.1+,2.2,2.2+,2.3,2.3+,2.4,2.4+,2.5,2.5+,2.6,2.6+,2.7,2.7+,2.8,2.8+,2.9,2.9+,3,3.0,3.0+,3.1,3.1+,3.2,3.2+,3.3,3.3+,3.4,3.4+,3.5,3.5+,3.6,3.6+,3.7,3.7+,3.8,3.8+,3.9,3.9+,4,4.0,4.0+,4.1,4.1+,4.2,4.2+,4.3,4.3+,4.4,4.4+,4.5,4.5+,4.6,4.6+,4.7,4.7+,4.8,4.8+,4.9,4.9+,5,5.0,5.0+,5.1,5.1+,5.2,5.2+,5.3,5.3+,5.4,5.4+,5.5,5.5+,5.6,5.6+,5.7,5.7+,5.8,5.8+,5.9,5.9+,6,6.0,6.0+,6.1,6.1+,6.2,6.2+,6.3,6.3+,6.4,6.4+,6.5,6.5+,6.6,6.6+,6.7,6.7+,6.8,6.8+,6.9,6.9+,7,7.0,7.0+,7.1,7.1+,7.2,7.2+,7.3,7.3+,7.4,7.4+,7.5,7.5+,7.6,7.6+,7.7,7.7+,7.8,7.8+,7.9,7.9+,8,8.0,8.0+,8.1,8.1+,8.2,8.2+,8.3,8.3+,8.4,8.4+,8.5,8.5+,8.6,8.6+,8.7,8.7+,8.8,8.8+,8.9,8.9+,9,9.0,9.0+,9.1,9.1+,9.2,9.2+,9.3,9.3+,9.4,9.4+,9.5,9.5+,9.6,9.6+,9.7,9.7+,9.8,9.8+,9.9,9.9+,10,10.0,10.0+,10.1,10.1+,10.2,10.2+,10.3,10.3+,10.4,10.4+,10.5,10.5+,10.6,10.6+,10.7,10.7+,10.8,10.8+,10.9,10.9+,11,11.0,11.0+,11.1,11.1+,11.2,11.2+,11.3,11.3+,11.4,11.4+,11.5,11.5+,11.6,11.6+,11.7,11.7+,11.8,11.8+,11.9,11.9+,12,12.0,12.0+,12.1,12.1+,12.2,12.2+,12.3,12.3+,12.4,12.4+,12.5,12.5+,12.6,12.6+,12.7,12.7+,12.8,12.8+,12.9,12.9+,13,13.0,13.0+,13.1,13.1+,13.2,13.2+,13.3,13.3+,13.4,13.4+,13.5,13.5+,13.6,13.6+,13.7,13.7+,13.8,13.8+,13.9,13.9+,14,14.0,14.0+,14.1,14.1+,14.2,14.2+,14.3,14.3+,14.4,14.4+,14.5,14.5+,14.6,14.6+,14.7,14.7+,14.8,14.8+,14.9,14.9+,15,15.0,15.0+,15.1,15.1+,15.2,15.2+,15.3,15.3+,15.4,15.4+,15.5,15.5+,15.6,15.6+,15.7,15.7+,15.8,15.8+,15.9,15.9+,16,16.0,16.0+,16.1,16.1+,16.2,16.2+,16.3,16.3+,16.4,16.4+,16.5,16.5+,16.6,16.6+,16.7,16.7+,16.8,16.8+,16.9,16.9+,17,17.0,17.0+,17.1,17.1+,17.2,17.2+,17.3,17.3+,17.4,17.4+,17.5,17.5+,17.6,17.6+,17.7,17.7+,17.8,17.8+,17.9,17.9+,18,18.0,18.0+,18.1,18.1+,18.2,18.2+,18.3,18.3+,18.4,18.4+,18.5,18.5+,18.6,18.6+,18.7,18.7+,18.8,18.8+,18.9,18.9+,19,19.0,19.0+,19.1,19.1+,19.2,19.2+,19.3,19.3+,19.4,19.4+,19.5,19.5+,19.6,19.6+,19.7,19.7+,19.8,19.8+,19.9,19.9+,20,20.0,20.0+,20.1,20.1+,20.2,20.2+,20.3,20.3+,20.4,20.4+,20.5,20.5+,20.6,20.6+,20.7,20.7+,20.8,20.8+,20.9,20.9+,21,21.0,21.0+,21.1,21.1+,21.2,21.2+,21.3,21.3+,21.4,21.4+,21.5,21.5+,21.6,21.6+,21.7,21.7+,21.8,21.8+,21.9,21.9+,22,22.0,22.0+,22.1,22.1+,22.2,22.2+,22.3,22.3+,22.4,22.4+,22.5,22.5+,22.6,22.6+,22.7,22.7+,22.8,22.8+,22.9,22.9+,23,23.0,23.0+,23.1,23.1+,23.2,23.2+,23.3,23.3+,23.4,23.4+,23.5,23.5+,23.6,23.6+,23.7,23.7+,23.8,23.8+,23.9,23.9+,24,24.0,24.0+,24.1,24.1+,24.2,24.2+,24.3,24.3+,24.4,24.4+,24.5,24.5+,24.6,24.6+,24.7,24.7+,24.8,24.8+,24.9,24.9+,25,25.0,25.0+,25.1,25.1+,25.2,25.2+,25.3,25.3+,25.4,25.4+,25.5,25.5+,25.6,25.6+,25.7,25.7+,25.8,25.8+,25.9,25.9+,26,26.0,26.0+
horsmastUsed=> 0
num_result=> 1000
least_run=> 2
same=> 'Race Class' AS SAME
daysBet=> 43
dayPreStart=> 22
selectedReport=> Race Class
reportCol=> LEFT(R.R_CLASS, LOCATE('.',R.R_CLASS) - 1) AS REPORT

Filters:2018-06-09 21:20:20
whereClause=> WHERE M.M_STATE IN ('NSW') AND SUBSTRING_INDEX( SUBSTRING_INDEX(R.R_CLASS, '.', -3), '.', 1) IN ('2+','3+','4+','5+','  ') AND R.R_SEX IN (' ') AND M.M_DATE >= '2018-01-01' AND (R.R_CLASS LIKE '%.' ) AND W.W_WGHT_CAR NOT IN ('uk', 'PEND') (238)
whereClause_WFA=> 
whereClause_trackcat=> 
whereClause_DOW=> Sat
whereClause_magin=> 0,0.0,.1,0.1,.1+,.2,0.2,.2+,.3,0.3,.3+,.4,0.4,.4+,.5,0.5,.5+,.6,0.6,.6+,.7,0.7,.7+,.8,0.8,.8+,.9,0.9,.9+,1,1.0,1.0+,1.1,1.1+,1.2,1.2+,1.3,1.3+,1.4,1.4+,1.5,1.5+,1.6,1.6+,1.7,1.7+,1.8,1.8+,1.9,1.9+,2,2.0,2.0+,2.1,2.1+,2.2,2.2+,2.3,2.3+,2.4,2.4+,2.5,2.5+,2.6,2.6+,2.7,2.7+,2.8,2.8+,2.9,2.9+,3,3.0,3.0+,3.1,3.1+,3.2,3.2+,3.3,3.3+,3.4,3.4+,3.5,3.5+,3.6,3.6+,3.7,3.7+,3.8,3.8+,3.9,3.9+,4,4.0,4.0+,4.1,4.1+,4.2,4.2+,4.3,4.3+,4.4,4.4+,4.5,4.5+,4.6,4.6+,4.7,4.7+,4.8,4.8+,4.9,4.9+,5,5.0,5.0+,5.1,5.1+,5.2,5.2+,5.3,5.3+,5.4,5.4+,5.5,5.5+,5.6,5.6+,5.7,5.7+,5.8,5.8+,5.9,5.9+,6,6.0,6.0+,6.1,6.1+,6.2,6.2+,6.3,6.3+,6.4,6.4+,6.5,6.5+,6.6,6.6+,6.7,6.7+,6.8,6.8+,6.9,6.9+,7,7.0,7.0+,7.1,7.1+,7.2,7.2+,7.3,7.3+,7.4,7.4+,7.5,7.5+,7.6,7.6+,7.7,7.7+,7.8,7.8+,7.9,7.9+,8,8.0,8.0+,8.1,8.1+,8.2,8.2+,8.3,8.3+,8.4,8.4+,8.5,8.5+,8.6,8.6+,8.7,8.7+,8.8,8.8+,8.9,8.9+,9,9.0,9.0+,9.1,9.1+,9.2,9.2+,9.3,9.3+,9.4,9.4+,9.5,9.5+,9.6,9.6+,9.7,9.7+,9.8,9.8+,9.9,9.9+,10,10.0,10.0+,10.1,10.1+,10.2,10.2+,10.3,10.3+,10.4,10.4+,10.5,10.5+,10.6,10.6+,10.7,10.7+,10.8,10.8+,10.9,10.9+,11,11.0,11.0+,11.1,11.1+,11.2,11.2+,11.3,11.3+,11.4,11.4+,11.5,11.5+,11.6,11.6+,11.7,11.7+,11.8,11.8+,11.9,11.9+,12,12.0,12.0+,12.1,12.1+,12.2,12.2+,12.3,12.3+,12.4,12.4+,12.5,12.5+,12.6,12.6+,12.7,12.7+,12.8,12.8+,12.9,12.9+,13,13.0,13.0+,13.1,13.1+,13.2,13.2+,13.3,13.3+,13.4,13.4+,13.5,13.5+,13.6,13.6+,13.7,13.7+,13.8,13.8+,13.9,13.9+,14,14.0,14.0+,14.1,14.1+,14.2,14.2+,14.3,14.3+,14.4,14.4+,14.5,14.5+,14.6,14.6+,14.7,14.7+,14.8,14.8+,14.9,14.9+,15,15.0,15.0+,15.1,15.1+,15.2,15.2+,15.3,15.3+,15.4,15.4+,15.5,15.5+,15.6,15.6+,15.7,15.7+,15.8,15.8+,15.9,15.9+,16,16.0,16.0+,16.1,16.1+,16.2,16.2+,16.3,16.3+,16.4,16.4+,16.5,16.5+,16.6,16.6+,16.7,16.7+,16.8,16.8+,16.9,16.9+,17,17.0,17.0+,17.1,17.1+,17.2,17.2+,17.3,17.3+,17.4,17.4+,17.5,17.5+,17.6,17.6+,17.7,17.7+,17.8,17.8+,17.9,17.9+,18,18.0,18.0+,18.1,18.1+,18.2,18.2+,18.3,18.3+,18.4,18.4+,18.5,18.5+,18.6,18.6+,18.7,18.7+,18.8,18.8+,18.9,18.9+,19,19.0,19.0+,19.1,19.1+,19.2,19.2+,19.3,19.3+,19.4,19.4+,19.5,19.5+,19.6,19.6+,19.7,19.7+,19.8,19.8+,19.9,19.9+,20,20.0,20.0+,20.1,20.1+,20.2,20.2+,20.3,20.3+,20.4,20.4+,20.5,20.5+,20.6,20.6+,20.7,20.7+,20.8,20.8+,20.9,20.9+,21,21.0,21.0+,21.1,21.1+,21.2,21.2+,21.3,21.3+,21.4,21.4+,21.5,21.5+,21.6,21.6+,21.7,21.7+,21.8,21.8+,21.9,21.9+,22,22.0,22.0+,22.1,22.1+,22.2,22.2+,22.3,22.3+,22.4,22.4+,22.5,22.5+,22.6,22.6+,22.7,22.7+,22.8,22.8+,22.9,22.9+,23,23.0,23.0+,23.1,23.1+,23.2,23.2+,23.3,23.3+,23.4,23.4+,23.5,23.5+,23.6,23.6+,23.7,23.7+,23.8,23.8+,23.9,23.9+,24,24.0,24.0+,24.1,24.1+,24.2,24.2+,24.3,24.3+,24.4,24.4+,24.5,24.5+,24.6,24.6+,24.7,24.7+,24.8,24.8+,24.9,24.9+,25,25.0,25.0+,25.1,25.1+,25.2,25.2+,25.3,25.3+,25.4,25.4+,25.5,25.5+,25.6,25.6+,25.7,25.7+,25.8,25.8+,25.9,25.9+,26,26.0,26.0+
horsmastUsed=> 0
num_result=> 1000
least_run=> 2
same=> 'Race Class' AS SAME
daysBet=> 43
dayPreStart=> 22
selectedReport=> Race Class
reportCol=> LEFT(R.R_CLASS, LOCATE('.',R.R_CLASS) - 1) AS REPORT

Filters:2018-06-09 21:21:11
whereClause=> WHERE M.M_STATE IN ('NSW') AND SUBSTRING_INDEX( SUBSTRING_INDEX(R.R_CLASS, '.', -3), '.', 1) IN ('2+','3+','4+','5+','  ') AND R.R_SEX IN (' ') AND M.M_DATE >= '2017-01-01' AND (R.R_CLASS LIKE '%.' ) AND W.W_WGHT_CAR NOT IN ('uk', 'PEND') (238)
whereClause_WFA=> 
whereClause_trackcat=> 
whereClause_DOW=> Sat
whereClause_magin=> 0,0.0,.1,0.1,.1+,.2,0.2,.2+,.3,0.3,.3+,.4,0.4,.4+,.5,0.5,.5+,.6,0.6,.6+,.7,0.7,.7+,.8,0.8,.8+,.9,0.9,.9+,1,1.0,1.0+,1.1,1.1+,1.2,1.2+,1.3,1.3+,1.4,1.4+,1.5,1.5+,1.6,1.6+,1.7,1.7+,1.8,1.8+,1.9,1.9+,2,2.0,2.0+,2.1,2.1+,2.2,2.2+,2.3,2.3+,2.4,2.4+,2.5,2.5+,2.6,2.6+,2.7,2.7+,2.8,2.8+,2.9,2.9+,3,3.0,3.0+,3.1,3.1+,3.2,3.2+,3.3,3.3+,3.4,3.4+,3.5,3.5+,3.6,3.6+,3.7,3.7+,3.8,3.8+,3.9,3.9+,4,4.0,4.0+,4.1,4.1+,4.2,4.2+,4.3,4.3+,4.4,4.4+,4.5,4.5+,4.6,4.6+,4.7,4.7+,4.8,4.8+,4.9,4.9+,5,5.0,5.0+,5.1,5.1+,5.2,5.2+,5.3,5.3+,5.4,5.4+,5.5,5.5+,5.6,5.6+,5.7,5.7+,5.8,5.8+,5.9,5.9+,6,6.0,6.0+,6.1,6.1+,6.2,6.2+,6.3,6.3+,6.4,6.4+,6.5,6.5+,6.6,6.6+,6.7,6.7+,6.8,6.8+,6.9,6.9+,7,7.0,7.0+,7.1,7.1+,7.2,7.2+,7.3,7.3+,7.4,7.4+,7.5,7.5+,7.6,7.6+,7.7,7.7+,7.8,7.8+,7.9,7.9+,8,8.0,8.0+,8.1,8.1+,8.2,8.2+,8.3,8.3+,8.4,8.4+,8.5,8.5+,8.6,8.6+,8.7,8.7+,8.8,8.8+,8.9,8.9+,9,9.0,9.0+,9.1,9.1+,9.2,9.2+,9.3,9.3+,9.4,9.4+,9.5,9.5+,9.6,9.6+,9.7,9.7+,9.8,9.8+,9.9,9.9+,10,10.0,10.0+,10.1,10.1+,10.2,10.2+,10.3,10.3+,10.4,10.4+,10.5,10.5+,10.6,10.6+,10.7,10.7+,10.8,10.8+,10.9,10.9+,11,11.0,11.0+,11.1,11.1+,11.2,11.2+,11.3,11.3+,11.4,11.4+,11.5,11.5+,11.6,11.6+,11.7,11.7+,11.8,11.8+,11.9,11.9+,12,12.0,12.0+,12.1,12.1+,12.2,12.2+,12.3,12.3+,12.4,12.4+,12.5,12.5+,12.6,12.6+,12.7,12.7+,12.8,12.8+,12.9,12.9+,13,13.0,13.0+,13.1,13.1+,13.2,13.2+,13.3,13.3+,13.4,13.4+,13.5,13.5+,13.6,13.6+,13.7,13.7+,13.8,13.8+,13.9,13.9+,14,14.0,14.0+,14.1,14.1+,14.2,14.2+,14.3,14.3+,14.4,14.4+,14.5,14.5+,14.6,14.6+,14.7,14.7+,14.8,14.8+,14.9,14.9+,15,15.0,15.0+,15.1,15.1+,15.2,15.2+,15.3,15.3+,15.4,15.4+,15.5,15.5+,15.6,15.6+,15.7,15.7+,15.8,15.8+,15.9,15.9+,16,16.0,16.0+,16.1,16.1+,16.2,16.2+,16.3,16.3+,16.4,16.4+,16.5,16.5+,16.6,16.6+,16.7,16.7+,16.8,16.8+,16.9,16.9+,17,17.0,17.0+,17.1,17.1+,17.2,17.2+,17.3,17.3+,17.4,17.4+,17.5,17.5+,17.6,17.6+,17.7,17.7+,17.8,17.8+,17.9,17.9+,18,18.0,18.0+,18.1,18.1+,18.2,18.2+,18.3,18.3+,18.4,18.4+,18.5,18.5+,18.6,18.6+,18.7,18.7+,18.8,18.8+,18.9,18.9+,19,19.0,19.0+,19.1,19.1+,19.2,19.2+,19.3,19.3+,19.4,19.4+,19.5,19.5+,19.6,19.6+,19.7,19.7+,19.8,19.8+,19.9,19.9+,20,20.0,20.0+,20.1,20.1+,20.2,20.2+,20.3,20.3+,20.4,20.4+,20.5,20.5+,20.6,20.6+,20.7,20.7+,20.8,20.8+,20.9,20.9+,21,21.0,21.0+,21.1,21.1+,21.2,21.2+,21.3,21.3+,21.4,21.4+,21.5,21.5+,21.6,21.6+,21.7,21.7+,21.8,21.8+,21.9,21.9+,22,22.0,22.0+,22.1,22.1+,22.2,22.2+,22.3,22.3+,22.4,22.4+,22.5,22.5+,22.6,22.6+,22.7,22.7+,22.8,22.8+,22.9,22.9+,23,23.0,23.0+,23.1,23.1+,23.2,23.2+,23.3,23.3+,23.4,23.4+,23.5,23.5+,23.6,23.6+,23.7,23.7+,23.8,23.8+,23.9,23.9+,24,24.0,24.0+,24.1,24.1+,24.2,24.2+,24.3,24.3+,24.4,24.4+,24.5,24.5+,24.6,24.6+,24.7,24.7+,24.8,24.8+,24.9,24.9+,25,25.0,25.0+,25.1,25.1+,25.2,25.2+,25.3,25.3+,25.4,25.4+,25.5,25.5+,25.6,25.6+,25.7,25.7+,25.8,25.8+,25.9,25.9+,26,26.0,26.0+
horsmastUsed=> 0
num_result=> 1000
least_run=> 2
same=> 'Race Class' AS SAME
daysBet=> 43
dayPreStart=> 22
selectedReport=> Race Class
reportCol=> LEFT(R.R_CLASS, LOCATE('.',R.R_CLASS) - 1) AS REPORT

Filters:2018-06-09 21:28:27
whereClause=> WHERE M.M_STATE IN ('NSW') AND SUBSTRING_INDEX( SUBSTRING_INDEX(R.R_CLASS, '.', -3), '.', 1) IN ('2+','3+','4+','5+','  ') AND R.R_SEX IN (' ') AND M.M_DATE >= '2018-08-01' AND (R.R_CLASS LIKE '%.' ) AND W.W_WGHT_CAR NOT IN ('uk', 'PEND') (238)
whereClause_WFA=> 
whereClause_trackcat=> 
whereClause_DOW=> Sat
whereClause_magin=> 0,0.0,.1,0.1,.1+,.2,0.2,.2+,.3,0.3,.3+,.4,0.4,.4+,.5,0.5,.5+,.6,0.6,.6+,.7,0.7,.7+,.8,0.8,.8+,.9,0.9,.9+,1,1.0,1.0+,1.1,1.1+,1.2,1.2+,1.3,1.3+,1.4,1.4+,1.5,1.5+,1.6,1.6+,1.7,1.7+,1.8,1.8+,1.9,1.9+,2,2.0,2.0+,2.1,2.1+,2.2,2.2+,2.3,2.3+,2.4,2.4+,2.5,2.5+,2.6,2.6+,2.7,2.7+,2.8,2.8+,2.9,2.9+,3,3.0,3.0+,3.1,3.1+,3.2,3.2+,3.3,3.3+,3.4,3.4+,3.5,3.5+,3.6,3.6+,3.7,3.7+,3.8,3.8+,3.9,3.9+,4,4.0,4.0+,4.1,4.1+,4.2,4.2+,4.3,4.3+,4.4,4.4+,4.5,4.5+,4.6,4.6+,4.7,4.7+,4.8,4.8+,4.9,4.9+,5,5.0,5.0+,5.1,5.1+,5.2,5.2+,5.3,5.3+,5.4,5.4+,5.5,5.5+,5.6,5.6+,5.7,5.7+,5.8,5.8+,5.9,5.9+,6,6.0,6.0+,6.1,6.1+,6.2,6.2+,6.3,6.3+,6.4,6.4+,6.5,6.5+,6.6,6.6+,6.7,6.7+,6.8,6.8+,6.9,6.9+,7,7.0,7.0+,7.1,7.1+,7.2,7.2+,7.3,7.3+,7.4,7.4+,7.5,7.5+,7.6,7.6+,7.7,7.7+,7.8,7.8+,7.9,7.9+,8,8.0,8.0+,8.1,8.1+,8.2,8.2+,8.3,8.3+,8.4,8.4+,8.5,8.5+,8.6,8.6+,8.7,8.7+,8.8,8.8+,8.9,8.9+,9,9.0,9.0+,9.1,9.1+,9.2,9.2+,9.3,9.3+,9.4,9.4+,9.5,9.5+,9.6,9.6+,9.7,9.7+,9.8,9.8+,9.9,9.9+,10,10.0,10.0+,10.1,10.1+,10.2,10.2+,10.3,10.3+,10.4,10.4+,10.5,10.5+,10.6,10.6+,10.7,10.7+,10.8,10.8+,10.9,10.9+,11,11.0,11.0+,11.1,11.1+,11.2,11.2+,11.3,11.3+,11.4,11.4+,11.5,11.5+,11.6,11.6+,11.7,11.7+,11.8,11.8+,11.9,11.9+,12,12.0,12.0+,12.1,12.1+,12.2,12.2+,12.3,12.3+,12.4,12.4+,12.5,12.5+,12.6,12.6+,12.7,12.7+,12.8,12.8+,12.9,12.9+,13,13.0,13.0+,13.1,13.1+,13.2,13.2+,13.3,13.3+,13.4,13.4+,13.5,13.5+,13.6,13.6+,13.7,13.7+,13.8,13.8+,13.9,13.9+,14,14.0,14.0+,14.1,14.1+,14.2,14.2+,14.3,14.3+,14.4,14.4+,14.5,14.5+,14.6,14.6+,14.7,14.7+,14.8,14.8+,14.9,14.9+,15,15.0,15.0+,15.1,15.1+,15.2,15.2+,15.3,15.3+,15.4,15.4+,15.5,15.5+,15.6,15.6+,15.7,15.7+,15.8,15.8+,15.9,15.9+,16,16.0,16.0+,16.1,16.1+,16.2,16.2+,16.3,16.3+,16.4,16.4+,16.5,16.5+,16.6,16.6+,16.7,16.7+,16.8,16.8+,16.9,16.9+,17,17.0,17.0+,17.1,17.1+,17.2,17.2+,17.3,17.3+,17.4,17.4+,17.5,17.5+,17.6,17.6+,17.7,17.7+,17.8,17.8+,17.9,17.9+,18,18.0,18.0+,18.1,18.1+,18.2,18.2+,18.3,18.3+,18.4,18.4+,18.5,18.5+,18.6,18.6+,18.7,18.7+,18.8,18.8+,18.9,18.9+,19,19.0,19.0+,19.1,19.1+,19.2,19.2+,19.3,19.3+,19.4,19.4+,19.5,19.5+,19.6,19.6+,19.7,19.7+,19.8,19.8+,19.9,19.9+,20,20.0,20.0+,20.1,20.1+,20.2,20.2+,20.3,20.3+,20.4,20.4+,20.5,20.5+,20.6,20.6+,20.7,20.7+,20.8,20.8+,20.9,20.9+,21,21.0,21.0+,21.1,21.1+,21.2,21.2+,21.3,21.3+,21.4,21.4+,21.5,21.5+,21.6,21.6+,21.7,21.7+,21.8,21.8+,21.9,21.9+,22,22.0,22.0+,22.1,22.1+,22.2,22.2+,22.3,22.3+,22.4,22.4+,22.5,22.5+,22.6,22.6+,22.7,22.7+,22.8,22.8+,22.9,22.9+,23,23.0,23.0+,23.1,23.1+,23.2,23.2+,23.3,23.3+,23.4,23.4+,23.5,23.5+,23.6,23.6+,23.7,23.7+,23.8,23.8+,23.9,23.9+,24,24.0,24.0+,24.1,24.1+,24.2,24.2+,24.3,24.3+,24.4,24.4+,24.5,24.5+,24.6,24.6+,24.7,24.7+,24.8,24.8+,24.9,24.9+,25,25.0,25.0+,25.1,25.1+,25.2,25.2+,25.3,25.3+,25.4,25.4+,25.5,25.5+,25.6,25.6+,25.7,25.7+,25.8,25.8+,25.9,25.9+,26,26.0,26.0+
horsmastUsed=> 0
num_result=> 1000
least_run=> 2
same=> 'Race Class' AS SAME
daysBet=> 43
dayPreStart=> 22
selectedReport=> Race Class
reportCol=> LEFT(R.R_CLASS, LOCATE('.',R.R_CLASS) - 1) AS REPORT

Filters:2018-06-09 21:29:00
whereClause=> WHERE M.M_STATE IN ('NSW') AND SUBSTRING_INDEX( SUBSTRING_INDEX(R.R_CLASS, '.', -3), '.', 1) IN ('2+','3+','4+','5+','  ') AND R.R_SEX IN (' ') AND M.M_DATE >= '2018-08-01' AND (R.R_CLASS LIKE '%.' ) AND W.W_WGHT_CAR NOT IN ('uk', 'PEND') (238)
whereClause_WFA=> 
whereClause_trackcat=> 
whereClause_DOW=> Sat
whereClause_magin=> 0,0.0,.1,0.1,.1+,.2,0.2,.2+,.3,0.3,.3+,.4,0.4,.4+,.5,0.5,.5+,.6,0.6,.6+,.7,0.7,.7+,.8,0.8,.8+,.9,0.9,.9+,1,1.0,1.0+,1.1,1.1+,1.2,1.2+,1.3,1.3+,1.4,1.4+,1.5,1.5+,1.6,1.6+,1.7,1.7+,1.8,1.8+,1.9,1.9+,2,2.0,2.0+,2.1,2.1+,2.2,2.2+,2.3,2.3+,2.4,2.4+,2.5,2.5+,2.6,2.6+,2.7,2.7+,2.8,2.8+,2.9,2.9+,3,3.0,3.0+,3.1,3.1+,3.2,3.2+,3.3,3.3+,3.4,3.4+,3.5,3.5+,3.6,3.6+,3.7,3.7+,3.8,3.8+,3.9,3.9+,4,4.0,4.0+,4.1,4.1+,4.2,4.2+,4.3,4.3+,4.4,4.4+,4.5,4.5+,4.6,4.6+,4.7,4.7+,4.8,4.8+,4.9,4.9+,5,5.0,5.0+,5.1,5.1+,5.2,5.2+,5.3,5.3+,5.4,5.4+,5.5,5.5+,5.6,5.6+,5.7,5.7+,5.8,5.8+,5.9,5.9+,6,6.0,6.0+,6.1,6.1+,6.2,6.2+,6.3,6.3+,6.4,6.4+,6.5,6.5+,6.6,6.6+,6.7,6.7+,6.8,6.8+,6.9,6.9+,7,7.0,7.0+,7.1,7.1+,7.2,7.2+,7.3,7.3+,7.4,7.4+,7.5,7.5+,7.6,7.6+,7.7,7.7+,7.8,7.8+,7.9,7.9+,8,8.0,8.0+,8.1,8.1+,8.2,8.2+,8.3,8.3+,8.4,8.4+,8.5,8.5+,8.6,8.6+,8.7,8.7+,8.8,8.8+,8.9,8.9+,9,9.0,9.0+,9.1,9.1+,9.2,9.2+,9.3,9.3+,9.4,9.4+,9.5,9.5+,9.6,9.6+,9.7,9.7+,9.8,9.8+,9.9,9.9+,10,10.0,10.0+,10.1,10.1+,10.2,10.2+,10.3,10.3+,10.4,10.4+,10.5,10.5+,10.6,10.6+,10.7,10.7+,10.8,10.8+,10.9,10.9+,11,11.0,11.0+,11.1,11.1+,11.2,11.2+,11.3,11.3+,11.4,11.4+,11.5,11.5+,11.6,11.6+,11.7,11.7+,11.8,11.8+,11.9,11.9+,12,12.0,12.0+,12.1,12.1+,12.2,12.2+,12.3,12.3+,12.4,12.4+,12.5,12.5+,12.6,12.6+,12.7,12.7+,12.8,12.8+,12.9,12.9+,13,13.0,13.0+,13.1,13.1+,13.2,13.2+,13.3,13.3+,13.4,13.4+,13.5,13.5+,13.6,13.6+,13.7,13.7+,13.8,13.8+,13.9,13.9+,14,14.0,14.0+,14.1,14.1+,14.2,14.2+,14.3,14.3+,14.4,14.4+,14.5,14.5+,14.6,14.6+,14.7,14.7+,14.8,14.8+,14.9,14.9+,15,15.0,15.0+,15.1,15.1+,15.2,15.2+,15.3,15.3+,15.4,15.4+,15.5,15.5+,15.6,15.6+,15.7,15.7+,15.8,15.8+,15.9,15.9+,16,16.0,16.0+,16.1,16.1+,16.2,16.2+,16.3,16.3+,16.4,16.4+,16.5,16.5+,16.6,16.6+,16.7,16.7+,16.8,16.8+,16.9,16.9+,17,17.0,17.0+,17.1,17.1+,17.2,17.2+,17.3,17.3+,17.4,17.4+,17.5,17.5+,17.6,17.6+,17.7,17.7+,17.8,17.8+,17.9,17.9+,18,18.0,18.0+,18.1,18.1+,18.2,18.2+,18.3,18.3+,18.4,18.4+,18.5,18.5+,18.6,18.6+,18.7,18.7+,18.8,18.8+,18.9,18.9+,19,19.0,19.0+,19.1,19.1+,19.2,19.2+,19.3,19.3+,19.4,19.4+,19.5,19.5+,19.6,19.6+,19.7,19.7+,19.8,19.8+,19.9,19.9+,20,20.0,20.0+,20.1,20.1+,20.2,20.2+,20.3,20.3+,20.4,20.4+,20.5,20.5+,20.6,20.6+,20.7,20.7+,20.8,20.8+,20.9,20.9+,21,21.0,21.0+,21.1,21.1+,21.2,21.2+,21.3,21.3+,21.4,21.4+,21.5,21.5+,21.6,21.6+,21.7,21.7+,21.8,21.8+,21.9,21.9+,22,22.0,22.0+,22.1,22.1+,22.2,22.2+,22.3,22.3+,22.4,22.4+,22.5,22.5+,22.6,22.6+,22.7,22.7+,22.8,22.8+,22.9,22.9+,23,23.0,23.0+,23.1,23.1+,23.2,23.2+,23.3,23.3+,23.4,23.4+,23.5,23.5+,23.6,23.6+,23.7,23.7+,23.8,23.8+,23.9,23.9+,24,24.0,24.0+,24.1,24.1+,24.2,24.2+,24.3,24.3+,24.4,24.4+,24.5,24.5+,24.6,24.6+,24.7,24.7+,24.8,24.8+,24.9,24.9+,25,25.0,25.0+,25.1,25.1+,25.2,25.2+,25.3,25.3+,25.4,25.4+,25.5,25.5+,25.6,25.6+,25.7,25.7+,25.8,25.8+,25.9,25.9+,26,26.0,26.0+
horsmastUsed=> 0
num_result=> 1000
least_run=> 2
same=> 'Race Class' AS SAME
daysBet=> 43
dayPreStart=> 22
selectedReport=> Race Class
reportCol=> LEFT(R.R_CLASS, LOCATE('.',R.R_CLASS) - 1) AS REPORT

Filters:2018-06-09 21:29:48
whereClause=> WHERE M.M_STATE IN ('NSW') AND SUBSTRING_INDEX( SUBSTRING_INDEX(R.R_CLASS, '.', -3), '.', 1) IN ('2+','3+','4+','5+','  ') AND R.R_SEX IN (' ') AND M.M_DATE >= '1991-08-01' AND (R.R_CLASS LIKE '%.' ) AND W.W_WGHT_CAR NOT IN ('uk', 'PEND') (238)
whereClause_WFA=> 
whereClause_trackcat=> 
whereClause_DOW=> Sat
whereClause_magin=> 0,0.0,.1,0.1,.1+,.2,0.2,.2+,.3,0.3,.3+,.4,0.4,.4+,.5,0.5,.5+,.6,0.6,.6+,.7,0.7,.7+,.8,0.8,.8+,.9,0.9,.9+,1,1.0,1.0+,1.1,1.1+,1.2,1.2+,1.3,1.3+,1.4,1.4+,1.5,1.5+,1.6,1.6+,1.7,1.7+,1.8,1.8+,1.9,1.9+,2,2.0,2.0+,2.1,2.1+,2.2,2.2+,2.3,2.3+,2.4,2.4+,2.5,2.5+,2.6,2.6+,2.7,2.7+,2.8,2.8+,2.9,2.9+,3,3.0,3.0+,3.1,3.1+,3.2,3.2+,3.3,3.3+,3.4,3.4+,3.5,3.5+,3.6,3.6+,3.7,3.7+,3.8,3.8+,3.9,3.9+,4,4.0,4.0+,4.1,4.1+,4.2,4.2+,4.3,4.3+,4.4,4.4+,4.5,4.5+,4.6,4.6+,4.7,4.7+,4.8,4.8+,4.9,4.9+,5,5.0,5.0+,5.1,5.1+,5.2,5.2+,5.3,5.3+,5.4,5.4+,5.5,5.5+,5.6,5.6+,5.7,5.7+,5.8,5.8+,5.9,5.9+,6,6.0,6.0+,6.1,6.1+,6.2,6.2+,6.3,6.3+,6.4,6.4+,6.5,6.5+,6.6,6.6+,6.7,6.7+,6.8,6.8+,6.9,6.9+,7,7.0,7.0+,7.1,7.1+,7.2,7.2+,7.3,7.3+,7.4,7.4+,7.5,7.5+,7.6,7.6+,7.7,7.7+,7.8,7.8+,7.9,7.9+,8,8.0,8.0+,8.1,8.1+,8.2,8.2+,8.3,8.3+,8.4,8.4+,8.5,8.5+,8.6,8.6+,8.7,8.7+,8.8,8.8+,8.9,8.9+,9,9.0,9.0+,9.1,9.1+,9.2,9.2+,9.3,9.3+,9.4,9.4+,9.5,9.5+,9.6,9.6+,9.7,9.7+,9.8,9.8+,9.9,9.9+,10,10.0,10.0+,10.1,10.1+,10.2,10.2+,10.3,10.3+,10.4,10.4+,10.5,10.5+,10.6,10.6+,10.7,10.7+,10.8,10.8+,10.9,10.9+,11,11.0,11.0+,11.1,11.1+,11.2,11.2+,11.3,11.3+,11.4,11.4+,11.5,11.5+,11.6,11.6+,11.7,11.7+,11.8,11.8+,11.9,11.9+,12,12.0,12.0+,12.1,12.1+,12.2,12.2+,12.3,12.3+,12.4,12.4+,12.5,12.5+,12.6,12.6+,12.7,12.7+,12.8,12.8+,12.9,12.9+,13,13.0,13.0+,13.1,13.1+,13.2,13.2+,13.3,13.3+,13.4,13.4+,13.5,13.5+,13.6,13.6+,13.7,13.7+,13.8,13.8+,13.9,13.9+,14,14.0,14.0+,14.1,14.1+,14.2,14.2+,14.3,14.3+,14.4,14.4+,14.5,14.5+,14.6,14.6+,14.7,14.7+,14.8,14.8+,14.9,14.9+,15,15.0,15.0+,15.1,15.1+,15.2,15.2+,15.3,15.3+,15.4,15.4+,15.5,15.5+,15.6,15.6+,15.7,15.7+,15.8,15.8+,15.9,15.9+,16,16.0,16.0+,16.1,16.1+,16.2,16.2+,16.3,16.3+,16.4,16.4+,16.5,16.5+,16.6,16.6+,16.7,16.7+,16.8,16.8+,16.9,16.9+,17,17.0,17.0+,17.1,17.1+,17.2,17.2+,17.3,17.3+,17.4,17.4+,17.5,17.5+,17.6,17.6+,17.7,17.7+,17.8,17.8+,17.9,17.9+,18,18.0,18.0+,18.1,18.1+,18.2,18.2+,18.3,18.3+,18.4,18.4+,18.5,18.5+,18.6,18.6+,18.7,18.7+,18.8,18.8+,18.9,18.9+,19,19.0,19.0+,19.1,19.1+,19.2,19.2+,19.3,19.3+,19.4,19.4+,19.5,19.5+,19.6,19.6+,19.7,19.7+,19.8,19.8+,19.9,19.9+,20,20.0,20.0+,20.1,20.1+,20.2,20.2+,20.3,20.3+,20.4,20.4+,20.5,20.5+,20.6,20.6+,20.7,20.7+,20.8,20.8+,20.9,20.9+,21,21.0,21.0+,21.1,21.1+,21.2,21.2+,21.3,21.3+,21.4,21.4+,21.5,21.5+,21.6,21.6+,21.7,21.7+,21.8,21.8+,21.9,21.9+,22,22.0,22.0+,22.1,22.1+,22.2,22.2+,22.3,22.3+,22.4,22.4+,22.5,22.5+,22.6,22.6+,22.7,22.7+,22.8,22.8+,22.9,22.9+,23,23.0,23.0+,23.1,23.1+,23.2,23.2+,23.3,23.3+,23.4,23.4+,23.5,23.5+,23.6,23.6+,23.7,23.7+,23.8,23.8+,23.9,23.9+,24,24.0,24.0+,24.1,24.1+,24.2,24.2+,24.3,24.3+,24.4,24.4+,24.5,24.5+,24.6,24.6+,24.7,24.7+,24.8,24.8+,24.9,24.9+,25,25.0,25.0+,25.1,25.1+,25.2,25.2+,25.3,25.3+,25.4,25.4+,25.5,25.5+,25.6,25.6+,25.7,25.7+,25.8,25.8+,25.9,25.9+,26,26.0,26.0+
horsmastUsed=> 0
num_result=> 1000
least_run=> 2
same=> 'Race Class' AS SAME
daysBet=> 43
dayPreStart=> 22
selectedReport=> Race Class
reportCol=> LEFT(R.R_CLASS, LOCATE('.',R.R_CLASS) - 1) AS REPORT

Filters:2018-06-09 21:30:39
whereClause=> WHERE M.M_STATE IN ('NSW') AND SUBSTRING_INDEX( SUBSTRING_INDEX(R.R_CLASS, '.', -3), '.', 1) IN ('2+','3+','4+','5+','  ') AND R.R_SEX IN (' ') AND M.M_DATE >= '2018-08-01' AND (R.R_CLASS LIKE '%.' ) AND W.W_WGHT_CAR NOT IN ('uk', 'PEND') (238)
whereClause_WFA=> 
whereClause_trackcat=> 
whereClause_DOW=> Sat
whereClause_magin=> 0,0.0,.1,0.1,.1+,.2,0.2,.2+,.3,0.3,.3+,.4,0.4,.4+,.5,0.5,.5+,.6,0.6,.6+,.7,0.7,.7+,.8,0.8,.8+,.9,0.9,.9+,1,1.0,1.0+,1.1,1.1+,1.2,1.2+,1.3,1.3+,1.4,1.4+,1.5,1.5+,1.6,1.6+,1.7,1.7+,1.8,1.8+,1.9,1.9+,2,2.0,2.0+,2.1,2.1+,2.2,2.2+,2.3,2.3+,2.4,2.4+,2.5,2.5+,2.6,2.6+,2.7,2.7+,2.8,2.8+,2.9,2.9+,3,3.0,3.0+,3.1,3.1+,3.2,3.2+,3.3,3.3+,3.4,3.4+,3.5,3.5+,3.6,3.6+,3.7,3.7+,3.8,3.8+,3.9,3.9+,4,4.0,4.0+,4.1,4.1+,4.2,4.2+,4.3,4.3+,4.4,4.4+,4.5,4.5+,4.6,4.6+,4.7,4.7+,4.8,4.8+,4.9,4.9+,5,5.0,5.0+,5.1,5.1+,5.2,5.2+,5.3,5.3+,5.4,5.4+,5.5,5.5+,5.6,5.6+,5.7,5.7+,5.8,5.8+,5.9,5.9+,6,6.0,6.0+,6.1,6.1+,6.2,6.2+,6.3,6.3+,6.4,6.4+,6.5,6.5+,6.6,6.6+,6.7,6.7+,6.8,6.8+,6.9,6.9+,7,7.0,7.0+,7.1,7.1+,7.2,7.2+,7.3,7.3+,7.4,7.4+,7.5,7.5+,7.6,7.6+,7.7,7.7+,7.8,7.8+,7.9,7.9+,8,8.0,8.0+,8.1,8.1+,8.2,8.2+,8.3,8.3+,8.4,8.4+,8.5,8.5+,8.6,8.6+,8.7,8.7+,8.8,8.8+,8.9,8.9+,9,9.0,9.0+,9.1,9.1+,9.2,9.2+,9.3,9.3+,9.4,9.4+,9.5,9.5+,9.6,9.6+,9.7,9.7+,9.8,9.8+,9.9,9.9+,10,10.0,10.0+,10.1,10.1+,10.2,10.2+,10.3,10.3+,10.4,10.4+,10.5,10.5+,10.6,10.6+,10.7,10.7+,10.8,10.8+,10.9,10.9+,11,11.0,11.0+,11.1,11.1+,11.2,11.2+,11.3,11.3+,11.4,11.4+,11.5,11.5+,11.6,11.6+,11.7,11.7+,11.8,11.8+,11.9,11.9+,12,12.0,12.0+,12.1,12.1+,12.2,12.2+,12.3,12.3+,12.4,12.4+,12.5,12.5+,12.6,12.6+,12.7,12.7+,12.8,12.8+,12.9,12.9+,13,13.0,13.0+,13.1,13.1+,13.2,13.2+,13.3,13.3+,13.4,13.4+,13.5,13.5+,13.6,13.6+,13.7,13.7+,13.8,13.8+,13.9,13.9+,14,14.0,14.0+,14.1,14.1+,14.2,14.2+,14.3,14.3+,14.4,14.4+,14.5,14.5+,14.6,14.6+,14.7,14.7+,14.8,14.8+,14.9,14.9+,15,15.0,15.0+,15.1,15.1+,15.2,15.2+,15.3,15.3+,15.4,15.4+,15.5,15.5+,15.6,15.6+,15.7,15.7+,15.8,15.8+,15.9,15.9+,16,16.0,16.0+,16.1,16.1+,16.2,16.2+,16.3,16.3+,16.4,16.4+,16.5,16.5+,16.6,16.6+,16.7,16.7+,16.8,16.8+,16.9,16.9+,17,17.0,17.0+,17.1,17.1+,17.2,17.2+,17.3,17.3+,17.4,17.4+,17.5,17.5+,17.6,17.6+,17.7,17.7+,17.8,17.8+,17.9,17.9+,18,18.0,18.0+,18.1,18.1+,18.2,18.2+,18.3,18.3+,18.4,18.4+,18.5,18.5+,18.6,18.6+,18.7,18.7+,18.8,18.8+,18.9,18.9+,19,19.0,19.0+,19.1,19.1+,19.2,19.2+,19.3,19.3+,19.4,19.4+,19.5,19.5+,19.6,19.6+,19.7,19.7+,19.8,19.8+,19.9,19.9+,20,20.0,20.0+,20.1,20.1+,20.2,20.2+,20.3,20.3+,20.4,20.4+,20.5,20.5+,20.6,20.6+,20.7,20.7+,20.8,20.8+,20.9,20.9+,21,21.0,21.0+,21.1,21.1+,21.2,21.2+,21.3,21.3+,21.4,21.4+,21.5,21.5+,21.6,21.6+,21.7,21.7+,21.8,21.8+,21.9,21.9+,22,22.0,22.0+,22.1,22.1+,22.2,22.2+,22.3,22.3+,22.4,22.4+,22.5,22.5+,22.6,22.6+,22.7,22.7+,22.8,22.8+,22.9,22.9+,23,23.0,23.0+,23.1,23.1+,23.2,23.2+,23.3,23.3+,23.4,23.4+,23.5,23.5+,23.6,23.6+,23.7,23.7+,23.8,23.8+,23.9,23.9+,24,24.0,24.0+,24.1,24.1+,24.2,24.2+,24.3,24.3+,24.4,24.4+,24.5,24.5+,24.6,24.6+,24.7,24.7+,24.8,24.8+,24.9,24.9+,25,25.0,25.0+,25.1,25.1+,25.2,25.2+,25.3,25.3+,25.4,25.4+,25.5,25.5+,25.6,25.6+,25.7,25.7+,25.8,25.8+,25.9,25.9+,26,26.0,26.0+
horsmastUsed=> 0
num_result=> 1000
least_run=> 2
same=> 'Race Class' AS SAME
daysBet=> 43
dayPreStart=> 22
selectedReport=> Race Class
reportCol=> LEFT(R.R_CLASS, LOCATE('.',R.R_CLASS) - 1) AS REPORT

Filters:2018-06-09 21:32:25
whereClause=> WHERE M.M_STATE IN ('NSW') AND SUBSTRING_INDEX( SUBSTRING_INDEX(R.R_CLASS, '.', -3), '.', 1) IN ('2+','3+','4+','5+','  ') AND R.R_SEX IN (' ') AND M.M_DATE >= '2018-08-01' AND (R.R_CLASS LIKE '%.' ) AND W.W_WGHT_CAR NOT IN ('uk', 'PEND') (238)
whereClause_WFA=> 
whereClause_trackcat=> 
whereClause_DOW=> Sat
whereClause_magin=> 0,0.0,.1,0.1,.1+,.2,0.2,.2+,.3,0.3,.3+,.4,0.4,.4+,.5,0.5,.5+,.6,0.6,.6+,.7,0.7,.7+,.8,0.8,.8+,.9,0.9,.9+,1,1.0,1.0+,1.1,1.1+,1.2,1.2+,1.3,1.3+,1.4,1.4+,1.5,1.5+,1.6,1.6+,1.7,1.7+,1.8,1.8+,1.9,1.9+,2,2.0,2.0+,2.1,2.1+,2.2,2.2+,2.3,2.3+,2.4,2.4+,2.5,2.5+,2.6,2.6+,2.7,2.7+,2.8,2.8+,2.9,2.9+,3,3.0,3.0+,3.1,3.1+,3.2,3.2+,3.3,3.3+,3.4,3.4+,3.5,3.5+,3.6,3.6+,3.7,3.7+,3.8,3.8+,3.9,3.9+,4,4.0,4.0+,4.1,4.1+,4.2,4.2+,4.3,4.3+,4.4,4.4+,4.5,4.5+,4.6,4.6+,4.7,4.7+,4.8,4.8+,4.9,4.9+,5,5.0,5.0+,5.1,5.1+,5.2,5.2+,5.3,5.3+,5.4,5.4+,5.5,5.5+,5.6,5.6+,5.7,5.7+,5.8,5.8+,5.9,5.9+,6,6.0,6.0+,6.1,6.1+,6.2,6.2+,6.3,6.3+,6.4,6.4+,6.5,6.5+,6.6,6.6+,6.7,6.7+,6.8,6.8+,6.9,6.9+,7,7.0,7.0+,7.1,7.1+,7.2,7.2+,7.3,7.3+,7.4,7.4+,7.5,7.5+,7.6,7.6+,7.7,7.7+,7.8,7.8+,7.9,7.9+,8,8.0,8.0+,8.1,8.1+,8.2,8.2+,8.3,8.3+,8.4,8.4+,8.5,8.5+,8.6,8.6+,8.7,8.7+,8.8,8.8+,8.9,8.9+,9,9.0,9.0+,9.1,9.1+,9.2,9.2+,9.3,9.3+,9.4,9.4+,9.5,9.5+,9.6,9.6+,9.7,9.7+,9.8,9.8+,9.9,9.9+,10,10.0,10.0+,10.1,10.1+,10.2,10.2+,10.3,10.3+,10.4,10.4+,10.5,10.5+,10.6,10.6+,10.7,10.7+,10.8,10.8+,10.9,10.9+,11,11.0,11.0+,11.1,11.1+,11.2,11.2+,11.3,11.3+,11.4,11.4+,11.5,11.5+,11.6,11.6+,11.7,11.7+,11.8,11.8+,11.9,11.9+,12,12.0,12.0+,12.1,12.1+,12.2,12.2+,12.3,12.3+,12.4,12.4+,12.5,12.5+,12.6,12.6+,12.7,12.7+,12.8,12.8+,12.9,12.9+,13,13.0,13.0+,13.1,13.1+,13.2,13.2+,13.3,13.3+,13.4,13.4+,13.5,13.5+,13.6,13.6+,13.7,13.7+,13.8,13.8+,13.9,13.9+,14,14.0,14.0+,14.1,14.1+,14.2,14.2+,14.3,14.3+,14.4,14.4+,14.5,14.5+,14.6,14.6+,14.7,14.7+,14.8,14.8+,14.9,14.9+,15,15.0,15.0+,15.1,15.1+,15.2,15.2+,15.3,15.3+,15.4,15.4+,15.5,15.5+,15.6,15.6+,15.7,15.7+,15.8,15.8+,15.9,15.9+,16,16.0,16.0+,16.1,16.1+,16.2,16.2+,16.3,16.3+,16.4,16.4+,16.5,16.5+,16.6,16.6+,16.7,16.7+,16.8,16.8+,16.9,16.9+,17,17.0,17.0+,17.1,17.1+,17.2,17.2+,17.3,17.3+,17.4,17.4+,17.5,17.5+,17.6,17.6+,17.7,17.7+,17.8,17.8+,17.9,17.9+,18,18.0,18.0+,18.1,18.1+,18.2,18.2+,18.3,18.3+,18.4,18.4+,18.5,18.5+,18.6,18.6+,18.7,18.7+,18.8,18.8+,18.9,18.9+,19,19.0,19.0+,19.1,19.1+,19.2,19.2+,19.3,19.3+,19.4,19.4+,19.5,19.5+,19.6,19.6+,19.7,19.7+,19.8,19.8+,19.9,19.9+,20,20.0,20.0+,20.1,20.1+,20.2,20.2+,20.3,20.3+,20.4,20.4+,20.5,20.5+,20.6,20.6+,20.7,20.7+,20.8,20.8+,20.9,20.9+,21,21.0,21.0+,21.1,21.1+,21.2,21.2+,21.3,21.3+,21.4,21.4+,21.5,21.5+,21.6,21.6+,21.7,21.7+,21.8,21.8+,21.9,21.9+,22,22.0,22.0+,22.1,22.1+,22.2,22.2+,22.3,22.3+,22.4,22.4+,22.5,22.5+,22.6,22.6+,22.7,22.7+,22.8,22.8+,22.9,22.9+,23,23.0,23.0+,23.1,23.1+,23.2,23.2+,23.3,23.3+,23.4,23.4+,23.5,23.5+,23.6,23.6+,23.7,23.7+,23.8,23.8+,23.9,23.9+,24,24.0,24.0+,24.1,24.1+,24.2,24.2+,24.3,24.3+,24.4,24.4+,24.5,24.5+,24.6,24.6+,24.7,24.7+,24.8,24.8+,24.9,24.9+,25,25.0,25.0+,25.1,25.1+,25.2,25.2+,25.3,25.3+,25.4,25.4+,25.5,25.5+,25.6,25.6+,25.7,25.7+,25.8,25.8+,25.9,25.9+,26,26.0,26.0+
horsmastUsed=> 0
num_result=> 1000
least_run=> 2
same=> 'Race Class' AS SAME
daysBet=> 43
dayPreStart=> 22
selectedReport=> Race Class
reportCol=> LEFT(R.R_CLASS, LOCATE('.',R.R_CLASS) - 1) AS REPORT

Filters:2018-06-09 21:34:35
whereClause=> WHERE M.M_STATE IN ('NSW') AND SUBSTRING_INDEX( SUBSTRING_INDEX(R.R_CLASS, '.', -3), '.', 1) IN ('2+','3+','4+','5+','  ') AND R.R_SEX IN (' ') AND M.M_DATE >= '1991-08-01' AND (R.R_CLASS LIKE '%.' ) AND W.W_WGHT_CAR NOT IN ('uk', 'PEND') (238)
whereClause_WFA=> 
whereClause_trackcat=> 
whereClause_DOW=> Sat
whereClause_magin=> 0,0.0,.1,0.1,.1+,.2,0.2,.2+,.3,0.3,.3+,.4,0.4,.4+,.5,0.5,.5+,.6,0.6,.6+,.7,0.7,.7+,.8,0.8,.8+,.9,0.9,.9+,1,1.0,1.0+,1.1,1.1+,1.2,1.2+,1.3,1.3+,1.4,1.4+,1.5,1.5+,1.6,1.6+,1.7,1.7+,1.8,1.8+,1.9,1.9+,2,2.0,2.0+,2.1,2.1+,2.2,2.2+,2.3,2.3+,2.4,2.4+,2.5,2.5+,2.6,2.6+,2.7,2.7+,2.8,2.8+,2.9,2.9+,3,3.0,3.0+,3.1,3.1+,3.2,3.2+,3.3,3.3+,3.4,3.4+,3.5,3.5+,3.6,3.6+,3.7,3.7+,3.8,3.8+,3.9,3.9+,4,4.0,4.0+,4.1,4.1+,4.2,4.2+,4.3,4.3+,4.4,4.4+,4.5,4.5+,4.6,4.6+,4.7,4.7+,4.8,4.8+,4.9,4.9+,5,5.0,5.0+,5.1,5.1+,5.2,5.2+,5.3,5.3+,5.4,5.4+,5.5,5.5+,5.6,5.6+,5.7,5.7+,5.8,5.8+,5.9,5.9+,6,6.0,6.0+,6.1,6.1+,6.2,6.2+,6.3,6.3+,6.4,6.4+,6.5,6.5+,6.6,6.6+,6.7,6.7+,6.8,6.8+,6.9,6.9+,7,7.0,7.0+,7.1,7.1+,7.2,7.2+,7.3,7.3+,7.4,7.4+,7.5,7.5+,7.6,7.6+,7.7,7.7+,7.8,7.8+,7.9,7.9+,8,8.0,8.0+,8.1,8.1+,8.2,8.2+,8.3,8.3+,8.4,8.4+,8.5,8.5+,8.6,8.6+,8.7,8.7+,8.8,8.8+,8.9,8.9+,9,9.0,9.0+,9.1,9.1+,9.2,9.2+,9.3,9.3+,9.4,9.4+,9.5,9.5+,9.6,9.6+,9.7,9.7+,9.8,9.8+,9.9,9.9+,10,10.0,10.0+,10.1,10.1+,10.2,10.2+,10.3,10.3+,10.4,10.4+,10.5,10.5+,10.6,10.6+,10.7,10.7+,10.8,10.8+,10.9,10.9+,11,11.0,11.0+,11.1,11.1+,11.2,11.2+,11.3,11.3+,11.4,11.4+,11.5,11.5+,11.6,11.6+,11.7,11.7+,11.8,11.8+,11.9,11.9+,12,12.0,12.0+,12.1,12.1+,12.2,12.2+,12.3,12.3+,12.4,12.4+,12.5,12.5+,12.6,12.6+,12.7,12.7+,12.8,12.8+,12.9,12.9+,13,13.0,13.0+,13.1,13.1+,13.2,13.2+,13.3,13.3+,13.4,13.4+,13.5,13.5+,13.6,13.6+,13.7,13.7+,13.8,13.8+,13.9,13.9+,14,14.0,14.0+,14.1,14.1+,14.2,14.2+,14.3,14.3+,14.4,14.4+,14.5,14.5+,14.6,14.6+,14.7,14.7+,14.8,14.8+,14.9,14.9+,15,15.0,15.0+,15.1,15.1+,15.2,15.2+,15.3,15.3+,15.4,15.4+,15.5,15.5+,15.6,15.6+,15.7,15.7+,15.8,15.8+,15.9,15.9+,16,16.0,16.0+,16.1,16.1+,16.2,16.2+,16.3,16.3+,16.4,16.4+,16.5,16.5+,16.6,16.6+,16.7,16.7+,16.8,16.8+,16.9,16.9+,17,17.0,17.0+,17.1,17.1+,17.2,17.2+,17.3,17.3+,17.4,17.4+,17.5,17.5+,17.6,17.6+,17.7,17.7+,17.8,17.8+,17.9,17.9+,18,18.0,18.0+,18.1,18.1+,18.2,18.2+,18.3,18.3+,18.4,18.4+,18.5,18.5+,18.6,18.6+,18.7,18.7+,18.8,18.8+,18.9,18.9+,19,19.0,19.0+,19.1,19.1+,19.2,19.2+,19.3,19.3+,19.4,19.4+,19.5,19.5+,19.6,19.6+,19.7,19.7+,19.8,19.8+,19.9,19.9+,20,20.0,20.0+,20.1,20.1+,20.2,20.2+,20.3,20.3+,20.4,20.4+,20.5,20.5+,20.6,20.6+,20.7,20.7+,20.8,20.8+,20.9,20.9+,21,21.0,21.0+,21.1,21.1+,21.2,21.2+,21.3,21.3+,21.4,21.4+,21.5,21.5+,21.6,21.6+,21.7,21.7+,21.8,21.8+,21.9,21.9+,22,22.0,22.0+,22.1,22.1+,22.2,22.2+,22.3,22.3+,22.4,22.4+,22.5,22.5+,22.6,22.6+,22.7,22.7+,22.8,22.8+,22.9,22.9+,23,23.0,23.0+,23.1,23.1+,23.2,23.2+,23.3,23.3+,23.4,23.4+,23.5,23.5+,23.6,23.6+,23.7,23.7+,23.8,23.8+,23.9,23.9+,24,24.0,24.0+,24.1,24.1+,24.2,24.2+,24.3,24.3+,24.4,24.4+,24.5,24.5+,24.6,24.6+,24.7,24.7+,24.8,24.8+,24.9,24.9+,25,25.0,25.0+,25.1,25.1+,25.2,25.2+,25.3,25.3+,25.4,25.4+,25.5,25.5+,25.6,25.6+,25.7,25.7+,25.8,25.8+,25.9,25.9+,26,26.0,26.0+
horsmastUsed=> 0
num_result=> 1000
least_run=> 2
same=> 'Race Class' AS SAME
daysBet=> 43
dayPreStart=> 22
selectedReport=> Race Class
reportCol=> LEFT(R.R_CLASS, LOCATE('.',R.R_CLASS) - 1) AS REPORT

Filters:2018-06-09 21:35:14
whereClause=> WHERE M.M_STATE IN ('NSW') AND SUBSTRING_INDEX( SUBSTRING_INDEX(R.R_CLASS, '.', -3), '.', 1) IN ('2+','3+','4+','5+','  ') AND R.R_SEX IN (' ') AND M.M_DATE >= '2018-08-01' AND (R.R_CLASS LIKE '%.' ) AND W.W_WGHT_CAR NOT IN ('uk', 'PEND') (238)
whereClause_WFA=> 
whereClause_trackcat=> 
whereClause_DOW=> Sat
whereClause_magin=> 0,0.0,.1,0.1,.1+,.2,0.2,.2+,.3,0.3,.3+,.4,0.4,.4+,.5,0.5,.5+,.6,0.6,.6+,.7,0.7,.7+,.8,0.8,.8+,.9,0.9,.9+,1,1.0,1.0+,1.1,1.1+,1.2,1.2+,1.3,1.3+,1.4,1.4+,1.5,1.5+,1.6,1.6+,1.7,1.7+,1.8,1.8+,1.9,1.9+,2,2.0,2.0+,2.1,2.1+,2.2,2.2+,2.3,2.3+,2.4,2.4+,2.5,2.5+,2.6,2.6+,2.7,2.7+,2.8,2.8+,2.9,2.9+,3,3.0,3.0+,3.1,3.1+,3.2,3.2+,3.3,3.3+,3.4,3.4+,3.5,3.5+,3.6,3.6+,3.7,3.7+,3.8,3.8+,3.9,3.9+,4,4.0,4.0+,4.1,4.1+,4.2,4.2+,4.3,4.3+,4.4,4.4+,4.5,4.5+,4.6,4.6+,4.7,4.7+,4.8,4.8+,4.9,4.9+,5,5.0,5.0+,5.1,5.1+,5.2,5.2+,5.3,5.3+,5.4,5.4+,5.5,5.5+,5.6,5.6+,5.7,5.7+,5.8,5.8+,5.9,5.9+,6,6.0,6.0+,6.1,6.1+,6.2,6.2+,6.3,6.3+,6.4,6.4+,6.5,6.5+,6.6,6.6+,6.7,6.7+,6.8,6.8+,6.9,6.9+,7,7.0,7.0+,7.1,7.1+,7.2,7.2+,7.3,7.3+,7.4,7.4+,7.5,7.5+,7.6,7.6+,7.7,7.7+,7.8,7.8+,7.9,7.9+,8,8.0,8.0+,8.1,8.1+,8.2,8.2+,8.3,8.3+,8.4,8.4+,8.5,8.5+,8.6,8.6+,8.7,8.7+,8.8,8.8+,8.9,8.9+,9,9.0,9.0+,9.1,9.1+,9.2,9.2+,9.3,9.3+,9.4,9.4+,9.5,9.5+,9.6,9.6+,9.7,9.7+,9.8,9.8+,9.9,9.9+,10,10.0,10.0+,10.1,10.1+,10.2,10.2+,10.3,10.3+,10.4,10.4+,10.5,10.5+,10.6,10.6+,10.7,10.7+,10.8,10.8+,10.9,10.9+,11,11.0,11.0+,11.1,11.1+,11.2,11.2+,11.3,11.3+,11.4,11.4+,11.5,11.5+,11.6,11.6+,11.7,11.7+,11.8,11.8+,11.9,11.9+,12,12.0,12.0+,12.1,12.1+,12.2,12.2+,12.3,12.3+,12.4,12.4+,12.5,12.5+,12.6,12.6+,12.7,12.7+,12.8,12.8+,12.9,12.9+,13,13.0,13.0+,13.1,13.1+,13.2,13.2+,13.3,13.3+,13.4,13.4+,13.5,13.5+,13.6,13.6+,13.7,13.7+,13.8,13.8+,13.9,13.9+,14,14.0,14.0+,14.1,14.1+,14.2,14.2+,14.3,14.3+,14.4,14.4+,14.5,14.5+,14.6,14.6+,14.7,14.7+,14.8,14.8+,14.9,14.9+,15,15.0,15.0+,15.1,15.1+,15.2,15.2+,15.3,15.3+,15.4,15.4+,15.5,15.5+,15.6,15.6+,15.7,15.7+,15.8,15.8+,15.9,15.9+,16,16.0,16.0+,16.1,16.1+,16.2,16.2+,16.3,16.3+,16.4,16.4+,16.5,16.5+,16.6,16.6+,16.7,16.7+,16.8,16.8+,16.9,16.9+,17,17.0,17.0+,17.1,17.1+,17.2,17.2+,17.3,17.3+,17.4,17.4+,17.5,17.5+,17.6,17.6+,17.7,17.7+,17.8,17.8+,17.9,17.9+,18,18.0,18.0+,18.1,18.1+,18.2,18.2+,18.3,18.3+,18.4,18.4+,18.5,18.5+,18.6,18.6+,18.7,18.7+,18.8,18.8+,18.9,18.9+,19,19.0,19.0+,19.1,19.1+,19.2,19.2+,19.3,19.3+,19.4,19.4+,19.5,19.5+,19.6,19.6+,19.7,19.7+,19.8,19.8+,19.9,19.9+,20,20.0,20.0+,20.1,20.1+,20.2,20.2+,20.3,20.3+,20.4,20.4+,20.5,20.5+,20.6,20.6+,20.7,20.7+,20.8,20.8+,20.9,20.9+,21,21.0,21.0+,21.1,21.1+,21.2,21.2+,21.3,21.3+,21.4,21.4+,21.5,21.5+,21.6,21.6+,21.7,21.7+,21.8,21.8+,21.9,21.9+,22,22.0,22.0+,22.1,22.1+,22.2,22.2+,22.3,22.3+,22.4,22.4+,22.5,22.5+,22.6,22.6+,22.7,22.7+,22.8,22.8+,22.9,22.9+,23,23.0,23.0+,23.1,23.1+,23.2,23.2+,23.3,23.3+,23.4,23.4+,23.5,23.5+,23.6,23.6+,23.7,23.7+,23.8,23.8+,23.9,23.9+,24,24.0,24.0+,24.1,24.1+,24.2,24.2+,24.3,24.3+,24.4,24.4+,24.5,24.5+,24.6,24.6+,24.7,24.7+,24.8,24.8+,24.9,24.9+,25,25.0,25.0+,25.1,25.1+,25.2,25.2+,25.3,25.3+,25.4,25.4+,25.5,25.5+,25.6,25.6+,25.7,25.7+,25.8,25.8+,25.9,25.9+,26,26.0,26.0+
horsmastUsed=> 0
num_result=> 1000
least_run=> 2
same=> 'Race Class' AS SAME
daysBet=> 43
dayPreStart=> 22
selectedReport=> Race Class
reportCol=> LEFT(R.R_CLASS, LOCATE('.',R.R_CLASS) - 1) AS REPORT

Filters:2018-06-09 21:36:30
whereClause=> WHERE M.M_STATE IN ('NSW') AND SUBSTRING_INDEX( SUBSTRING_INDEX(R.R_CLASS, '.', -3), '.', 1) IN ('2+','3+','4+','5+','  ') AND R.R_SEX IN (' ') AND M.M_DATE >= '2018-08-01' AND (R.R_CLASS LIKE '%.' ) AND W.W_WGHT_CAR NOT IN ('uk', 'PEND') (238)
whereClause_WFA=> 
whereClause_trackcat=> 
whereClause_DOW=> Sat
whereClause_magin=> 0,0.0,.1,0.1,.1+,.2,0.2,.2+,.3,0.3,.3+,.4,0.4,.4+,.5,0.5,.5+,.6,0.6,.6+,.7,0.7,.7+,.8,0.8,.8+,.9,0.9,.9+,1,1.0,1.0+,1.1,1.1+,1.2,1.2+,1.3,1.3+,1.4,1.4+,1.5,1.5+,1.6,1.6+,1.7,1.7+,1.8,1.8+,1.9,1.9+,2,2.0,2.0+,2.1,2.1+,2.2,2.2+,2.3,2.3+,2.4,2.4+,2.5,2.5+,2.6,2.6+,2.7,2.7+,2.8,2.8+,2.9,2.9+,3,3.0,3.0+,3.1,3.1+,3.2,3.2+,3.3,3.3+,3.4,3.4+,3.5,3.5+,3.6,3.6+,3.7,3.7+,3.8,3.8+,3.9,3.9+,4,4.0,4.0+,4.1,4.1+,4.2,4.2+,4.3,4.3+,4.4,4.4+,4.5,4.5+,4.6,4.6+,4.7,4.7+,4.8,4.8+,4.9,4.9+,5,5.0,5.0+,5.1,5.1+,5.2,5.2+,5.3,5.3+,5.4,5.4+,5.5,5.5+,5.6,5.6+,5.7,5.7+,5.8,5.8+,5.9,5.9+,6,6.0,6.0+,6.1,6.1+,6.2,6.2+,6.3,6.3+,6.4,6.4+,6.5,6.5+,6.6,6.6+,6.7,6.7+,6.8,6.8+,6.9,6.9+,7,7.0,7.0+,7.1,7.1+,7.2,7.2+,7.3,7.3+,7.4,7.4+,7.5,7.5+,7.6,7.6+,7.7,7.7+,7.8,7.8+,7.9,7.9+,8,8.0,8.0+,8.1,8.1+,8.2,8.2+,8.3,8.3+,8.4,8.4+,8.5,8.5+,8.6,8.6+,8.7,8.7+,8.8,8.8+,8.9,8.9+,9,9.0,9.0+,9.1,9.1+,9.2,9.2+,9.3,9.3+,9.4,9.4+,9.5,9.5+,9.6,9.6+,9.7,9.7+,9.8,9.8+,9.9,9.9+,10,10.0,10.0+,10.1,10.1+,10.2,10.2+,10.3,10.3+,10.4,10.4+,10.5,10.5+,10.6,10.6+,10.7,10.7+,10.8,10.8+,10.9,10.9+,11,11.0,11.0+,11.1,11.1+,11.2,11.2+,11.3,11.3+,11.4,11.4+,11.5,11.5+,11.6,11.6+,11.7,11.7+,11.8,11.8+,11.9,11.9+,12,12.0,12.0+,12.1,12.1+,12.2,12.2+,12.3,12.3+,12.4,12.4+,12.5,12.5+,12.6,12.6+,12.7,12.7+,12.8,12.8+,12.9,12.9+,13,13.0,13.0+,13.1,13.1+,13.2,13.2+,13.3,13.3+,13.4,13.4+,13.5,13.5+,13.6,13.6+,13.7,13.7+,13.8,13.8+,13.9,13.9+,14,14.0,14.0+,14.1,14.1+,14.2,14.2+,14.3,14.3+,14.4,14.4+,14.5,14.5+,14.6,14.6+,14.7,14.7+,14.8,14.8+,14.9,14.9+,15,15.0,15.0+,15.1,15.1+,15.2,15.2+,15.3,15.3+,15.4,15.4+,15.5,15.5+,15.6,15.6+,15.7,15.7+,15.8,15.8+,15.9,15.9+,16,16.0,16.0+,16.1,16.1+,16.2,16.2+,16.3,16.3+,16.4,16.4+,16.5,16.5+,16.6,16.6+,16.7,16.7+,16.8,16.8+,16.9,16.9+,17,17.0,17.0+,17.1,17.1+,17.2,17.2+,17.3,17.3+,17.4,17.4+,17.5,17.5+,17.6,17.6+,17.7,17.7+,17.8,17.8+,17.9,17.9+,18,18.0,18.0+,18.1,18.1+,18.2,18.2+,18.3,18.3+,18.4,18.4+,18.5,18.5+,18.6,18.6+,18.7,18.7+,18.8,18.8+,18.9,18.9+,19,19.0,19.0+,19.1,19.1+,19.2,19.2+,19.3,19.3+,19.4,19.4+,19.5,19.5+,19.6,19.6+,19.7,19.7+,19.8,19.8+,19.9,19.9+,20,20.0,20.0+,20.1,20.1+,20.2,20.2+,20.3,20.3+,20.4,20.4+,20.5,20.5+,20.6,20.6+,20.7,20.7+,20.8,20.8+,20.9,20.9+,21,21.0,21.0+,21.1,21.1+,21.2,21.2+,21.3,21.3+,21.4,21.4+,21.5,21.5+,21.6,21.6+,21.7,21.7+,21.8,21.8+,21.9,21.9+,22,22.0,22.0+,22.1,22.1+,22.2,22.2+,22.3,22.3+,22.4,22.4+,22.5,22.5+,22.6,22.6+,22.7,22.7+,22.8,22.8+,22.9,22.9+,23,23.0,23.0+,23.1,23.1+,23.2,23.2+,23.3,23.3+,23.4,23.4+,23.5,23.5+,23.6,23.6+,23.7,23.7+,23.8,23.8+,23.9,23.9+,24,24.0,24.0+,24.1,24.1+,24.2,24.2+,24.3,24.3+,24.4,24.4+,24.5,24.5+,24.6,24.6+,24.7,24.7+,24.8,24.8+,24.9,24.9+,25,25.0,25.0+,25.1,25.1+,25.2,25.2+,25.3,25.3+,25.4,25.4+,25.5,25.5+,25.6,25.6+,25.7,25.7+,25.8,25.8+,25.9,25.9+,26,26.0,26.0+
horsmastUsed=> 0
num_result=> 1000
least_run=> 2
same=> 'Race Class' AS SAME
daysBet=> 43
dayPreStart=> 22
selectedReport=> Race Class
reportCol=> LEFT(R.R_CLASS, LOCATE('.',R.R_CLASS) - 1) AS REPORT

Filters:2018-06-09 21:39:05
whereClause=> WHERE M.M_STATE IN ('NSW') AND SUBSTRING_INDEX( SUBSTRING_INDEX(R.R_CLASS, '.', -3), '.', 1) IN ('2+','3+','4+','5+','  ') AND R.R_SEX IN (' ') AND M.M_DATE >= '2018-08-01' AND (R.R_CLASS LIKE '%.' ) AND W.W_WGHT_CAR NOT IN ('uk', 'PEND') (238)
whereClause_WFA=> 
whereClause_trackcat=> 
whereClause_DOW=> Sat
whereClause_magin=> 0,0.0,.1,0.1,.1+,.2,0.2,.2+,.3,0.3,.3+,.4,0.4,.4+,.5,0.5,.5+,.6,0.6,.6+,.7,0.7,.7+,.8,0.8,.8+,.9,0.9,.9+,1,1.0,1.0+,1.1,1.1+,1.2,1.2+,1.3,1.3+,1.4,1.4+,1.5,1.5+,1.6,1.6+,1.7,1.7+,1.8,1.8+,1.9,1.9+,2,2.0,2.0+,2.1,2.1+,2.2,2.2+,2.3,2.3+,2.4,2.4+,2.5,2.5+,2.6,2.6+,2.7,2.7+,2.8,2.8+,2.9,2.9+,3,3.0,3.0+,3.1,3.1+,3.2,3.2+,3.3,3.3+,3.4,3.4+,3.5,3.5+,3.6,3.6+,3.7,3.7+,3.8,3.8+,3.9,3.9+,4,4.0,4.0+,4.1,4.1+,4.2,4.2+,4.3,4.3+,4.4,4.4+,4.5,4.5+,4.6,4.6+,4.7,4.7+,4.8,4.8+,4.9,4.9+,5,5.0,5.0+,5.1,5.1+,5.2,5.2+,5.3,5.3+,5.4,5.4+,5.5,5.5+,5.6,5.6+,5.7,5.7+,5.8,5.8+,5.9,5.9+,6,6.0,6.0+,6.1,6.1+,6.2,6.2+,6.3,6.3+,6.4,6.4+,6.5,6.5+,6.6,6.6+,6.7,6.7+,6.8,6.8+,6.9,6.9+,7,7.0,7.0+,7.1,7.1+,7.2,7.2+,7.3,7.3+,7.4,7.4+,7.5,7.5+,7.6,7.6+,7.7,7.7+,7.8,7.8+,7.9,7.9+,8,8.0,8.0+,8.1,8.1+,8.2,8.2+,8.3,8.3+,8.4,8.4+,8.5,8.5+,8.6,8.6+,8.7,8.7+,8.8,8.8+,8.9,8.9+,9,9.0,9.0+,9.1,9.1+,9.2,9.2+,9.3,9.3+,9.4,9.4+,9.5,9.5+,9.6,9.6+,9.7,9.7+,9.8,9.8+,9.9,9.9+,10,10.0,10.0+,10.1,10.1+,10.2,10.2+,10.3,10.3+,10.4,10.4+,10.5,10.5+,10.6,10.6+,10.7,10.7+,10.8,10.8+,10.9,10.9+,11,11.0,11.0+,11.1,11.1+,11.2,11.2+,11.3,11.3+,11.4,11.4+,11.5,11.5+,11.6,11.6+,11.7,11.7+,11.8,11.8+,11.9,11.9+,12,12.0,12.0+,12.1,12.1+,12.2,12.2+,12.3,12.3+,12.4,12.4+,12.5,12.5+,12.6,12.6+,12.7,12.7+,12.8,12.8+,12.9,12.9+,13,13.0,13.0+,13.1,13.1+,13.2,13.2+,13.3,13.3+,13.4,13.4+,13.5,13.5+,13.6,13.6+,13.7,13.7+,13.8,13.8+,13.9,13.9+,14,14.0,14.0+,14.1,14.1+,14.2,14.2+,14.3,14.3+,14.4,14.4+,14.5,14.5+,14.6,14.6+,14.7,14.7+,14.8,14.8+,14.9,14.9+,15,15.0,15.0+,15.1,15.1+,15.2,15.2+,15.3,15.3+,15.4,15.4+,15.5,15.5+,15.6,15.6+,15.7,15.7+,15.8,15.8+,15.9,15.9+,16,16.0,16.0+,16.1,16.1+,16.2,16.2+,16.3,16.3+,16.4,16.4+,16.5,16.5+,16.6,16.6+,16.7,16.7+,16.8,16.8+,16.9,16.9+,17,17.0,17.0+,17.1,17.1+,17.2,17.2+,17.3,17.3+,17.4,17.4+,17.5,17.5+,17.6,17.6+,17.7,17.7+,17.8,17.8+,17.9,17.9+,18,18.0,18.0+,18.1,18.1+,18.2,18.2+,18.3,18.3+,18.4,18.4+,18.5,18.5+,18.6,18.6+,18.7,18.7+,18.8,18.8+,18.9,18.9+,19,19.0,19.0+,19.1,19.1+,19.2,19.2+,19.3,19.3+,19.4,19.4+,19.5,19.5+,19.6,19.6+,19.7,19.7+,19.8,19.8+,19.9,19.9+,20,20.0,20.0+,20.1,20.1+,20.2,20.2+,20.3,20.3+,20.4,20.4+,20.5,20.5+,20.6,20.6+,20.7,20.7+,20.8,20.8+,20.9,20.9+,21,21.0,21.0+,21.1,21.1+,21.2,21.2+,21.3,21.3+,21.4,21.4+,21.5,21.5+,21.6,21.6+,21.7,21.7+,21.8,21.8+,21.9,21.9+,22,22.0,22.0+,22.1,22.1+,22.2,22.2+,22.3,22.3+,22.4,22.4+,22.5,22.5+,22.6,22.6+,22.7,22.7+,22.8,22.8+,22.9,22.9+,23,23.0,23.0+,23.1,23.1+,23.2,23.2+,23.3,23.3+,23.4,23.4+,23.5,23.5+,23.6,23.6+,23.7,23.7+,23.8,23.8+,23.9,23.9+,24,24.0,24.0+,24.1,24.1+,24.2,24.2+,24.3,24.3+,24.4,24.4+,24.5,24.5+,24.6,24.6+,24.7,24.7+,24.8,24.8+,24.9,24.9+,25,25.0,25.0+,25.1,25.1+,25.2,25.2+,25.3,25.3+,25.4,25.4+,25.5,25.5+,25.6,25.6+,25.7,25.7+,25.8,25.8+,25.9,25.9+,26,26.0,26.0+
horsmastUsed=> 0
num_result=> 1000
least_run=> 2
same=> 'Race Class' AS SAME
daysBet=> 43
dayPreStart=> 22
selectedReport=> Race Class
reportCol=> LEFT(R.R_CLASS, LOCATE('.',R.R_CLASS) - 1) AS REPORT

Filters:2018-06-09 21:39:25
whereClause=> WHERE M.M_STATE IN ('NSW') AND SUBSTRING_INDEX( SUBSTRING_INDEX(R.R_CLASS, '.', -3), '.', 1) IN ('2+','3+','4+','5+','  ') AND R.R_SEX IN (' ') AND M.M_DATE >= '2017-08-01' AND (R.R_CLASS LIKE '%.' ) AND W.W_WGHT_CAR NOT IN ('uk', 'PEND') (238)
whereClause_WFA=> 
whereClause_trackcat=> 
whereClause_DOW=> Sat
whereClause_magin=> 0,0.0,.1,0.1,.1+,.2,0.2,.2+,.3,0.3,.3+,.4,0.4,.4+,.5,0.5,.5+,.6,0.6,.6+,.7,0.7,.7+,.8,0.8,.8+,.9,0.9,.9+,1,1.0,1.0+,1.1,1.1+,1.2,1.2+,1.3,1.3+,1.4,1.4+,1.5,1.5+,1.6,1.6+,1.7,1.7+,1.8,1.8+,1.9,1.9+,2,2.0,2.0+,2.1,2.1+,2.2,2.2+,2.3,2.3+,2.4,2.4+,2.5,2.5+,2.6,2.6+,2.7,2.7+,2.8,2.8+,2.9,2.9+,3,3.0,3.0+,3.1,3.1+,3.2,3.2+,3.3,3.3+,3.4,3.4+,3.5,3.5+,3.6,3.6+,3.7,3.7+,3.8,3.8+,3.9,3.9+,4,4.0,4.0+,4.1,4.1+,4.2,4.2+,4.3,4.3+,4.4,4.4+,4.5,4.5+,4.6,4.6+,4.7,4.7+,4.8,4.8+,4.9,4.9+,5,5.0,5.0+,5.1,5.1+,5.2,5.2+,5.3,5.3+,5.4,5.4+,5.5,5.5+,5.6,5.6+,5.7,5.7+,5.8,5.8+,5.9,5.9+,6,6.0,6.0+,6.1,6.1+,6.2,6.2+,6.3,6.3+,6.4,6.4+,6.5,6.5+,6.6,6.6+,6.7,6.7+,6.8,6.8+,6.9,6.9+,7,7.0,7.0+,7.1,7.1+,7.2,7.2+,7.3,7.3+,7.4,7.4+,7.5,7.5+,7.6,7.6+,7.7,7.7+,7.8,7.8+,7.9,7.9+,8,8.0,8.0+,8.1,8.1+,8.2,8.2+,8.3,8.3+,8.4,8.4+,8.5,8.5+,8.6,8.6+,8.7,8.7+,8.8,8.8+,8.9,8.9+,9,9.0,9.0+,9.1,9.1+,9.2,9.2+,9.3,9.3+,9.4,9.4+,9.5,9.5+,9.6,9.6+,9.7,9.7+,9.8,9.8+,9.9,9.9+,10,10.0,10.0+,10.1,10.1+,10.2,10.2+,10.3,10.3+,10.4,10.4+,10.5,10.5+,10.6,10.6+,10.7,10.7+,10.8,10.8+,10.9,10.9+,11,11.0,11.0+,11.1,11.1+,11.2,11.2+,11.3,11.3+,11.4,11.4+,11.5,11.5+,11.6,11.6+,11.7,11.7+,11.8,11.8+,11.9,11.9+,12,12.0,12.0+,12.1,12.1+,12.2,12.2+,12.3,12.3+,12.4,12.4+,12.5,12.5+,12.6,12.6+,12.7,12.7+,12.8,12.8+,12.9,12.9+,13,13.0,13.0+,13.1,13.1+,13.2,13.2+,13.3,13.3+,13.4,13.4+,13.5,13.5+,13.6,13.6+,13.7,13.7+,13.8,13.8+,13.9,13.9+,14,14.0,14.0+,14.1,14.1+,14.2,14.2+,14.3,14.3+,14.4,14.4+,14.5,14.5+,14.6,14.6+,14.7,14.7+,14.8,14.8+,14.9,14.9+,15,15.0,15.0+,15.1,15.1+,15.2,15.2+,15.3,15.3+,15.4,15.4+,15.5,15.5+,15.6,15.6+,15.7,15.7+,15.8,15.8+,15.9,15.9+,16,16.0,16.0+,16.1,16.1+,16.2,16.2+,16.3,16.3+,16.4,16.4+,16.5,16.5+,16.6,16.6+,16.7,16.7+,16.8,16.8+,16.9,16.9+,17,17.0,17.0+,17.1,17.1+,17.2,17.2+,17.3,17.3+,17.4,17.4+,17.5,17.5+,17.6,17.6+,17.7,17.7+,17.8,17.8+,17.9,17.9+,18,18.0,18.0+,18.1,18.1+,18.2,18.2+,18.3,18.3+,18.4,18.4+,18.5,18.5+,18.6,18.6+,18.7,18.7+,18.8,18.8+,18.9,18.9+,19,19.0,19.0+,19.1,19.1+,19.2,19.2+,19.3,19.3+,19.4,19.4+,19.5,19.5+,19.6,19.6+,19.7,19.7+,19.8,19.8+,19.9,19.9+,20,20.0,20.0+,20.1,20.1+,20.2,20.2+,20.3,20.3+,20.4,20.4+,20.5,20.5+,20.6,20.6+,20.7,20.7+,20.8,20.8+,20.9,20.9+,21,21.0,21.0+,21.1,21.1+,21.2,21.2+,21.3,21.3+,21.4,21.4+,21.5,21.5+,21.6,21.6+,21.7,21.7+,21.8,21.8+,21.9,21.9+,22,22.0,22.0+,22.1,22.1+,22.2,22.2+,22.3,22.3+,22.4,22.4+,22.5,22.5+,22.6,22.6+,22.7,22.7+,22.8,22.8+,22.9,22.9+,23,23.0,23.0+,23.1,23.1+,23.2,23.2+,23.3,23.3+,23.4,23.4+,23.5,23.5+,23.6,23.6+,23.7,23.7+,23.8,23.8+,23.9,23.9+,24,24.0,24.0+,24.1,24.1+,24.2,24.2+,24.3,24.3+,24.4,24.4+,24.5,24.5+,24.6,24.6+,24.7,24.7+,24.8,24.8+,24.9,24.9+,25,25.0,25.0+,25.1,25.1+,25.2,25.2+,25.3,25.3+,25.4,25.4+,25.5,25.5+,25.6,25.6+,25.7,25.7+,25.8,25.8+,25.9,25.9+,26,26.0,26.0+
horsmastUsed=> 0
num_result=> 1000
least_run=> 2
same=> 'Race Class' AS SAME
daysBet=> 43
dayPreStart=> 22
selectedReport=> Race Class
reportCol=> LEFT(R.R_CLASS, LOCATE('.',R.R_CLASS) - 1) AS REPORT

Filters:2018-06-09 21:41:11
whereClause=> WHERE M.M_STATE IN ('NSW') AND SUBSTRING_INDEX( SUBSTRING_INDEX(R.R_CLASS, '.', -3), '.', 1) IN ('2+','3+','4+','5+','  ') AND R.R_SEX IN (' ') AND M.M_DATE >= '2017-08-01' AND (R.R_CLASS LIKE '%.' ) AND W.W_WGHT_CAR NOT IN ('uk', 'PEND') (238)
whereClause_WFA=> 
whereClause_trackcat=> 
whereClause_DOW=> Sat
whereClause_magin=> 0,0.0,.1,0.1,.1+,.2,0.2,.2+,.3,0.3,.3+,.4,0.4,.4+,.5,0.5,.5+,.6,0.6,.6+,.7,0.7,.7+,.8,0.8,.8+,.9,0.9,.9+,1,1.0,1.0+,1.1,1.1+,1.2,1.2+,1.3,1.3+,1.4,1.4+,1.5,1.5+,1.6,1.6+,1.7,1.7+,1.8,1.8+,1.9,1.9+,2,2.0,2.0+,2.1,2.1+,2.2,2.2+,2.3,2.3+,2.4,2.4+,2.5,2.5+,2.6,2.6+,2.7,2.7+,2.8,2.8+,2.9,2.9+,3,3.0,3.0+,3.1,3.1+,3.2,3.2+,3.3,3.3+,3.4,3.4+,3.5,3.5+,3.6,3.6+,3.7,3.7+,3.8,3.8+,3.9,3.9+,4,4.0,4.0+,4.1,4.1+,4.2,4.2+,4.3,4.3+,4.4,4.4+,4.5,4.5+,4.6,4.6+,4.7,4.7+,4.8,4.8+,4.9,4.9+,5,5.0,5.0+,5.1,5.1+,5.2,5.2+,5.3,5.3+,5.4,5.4+,5.5,5.5+,5.6,5.6+,5.7,5.7+,5.8,5.8+,5.9,5.9+,6,6.0,6.0+,6.1,6.1+,6.2,6.2+,6.3,6.3+,6.4,6.4+,6.5,6.5+,6.6,6.6+,6.7,6.7+,6.8,6.8+,6.9,6.9+,7,7.0,7.0+,7.1,7.1+,7.2,7.2+,7.3,7.3+,7.4,7.4+,7.5,7.5+,7.6,7.6+,7.7,7.7+,7.8,7.8+,7.9,7.9+,8,8.0,8.0+,8.1,8.1+,8.2,8.2+,8.3,8.3+,8.4,8.4+,8.5,8.5+,8.6,8.6+,8.7,8.7+,8.8,8.8+,8.9,8.9+,9,9.0,9.0+,9.1,9.1+,9.2,9.2+,9.3,9.3+,9.4,9.4+,9.5,9.5+,9.6,9.6+,9.7,9.7+,9.8,9.8+,9.9,9.9+,10,10.0,10.0+,10.1,10.1+,10.2,10.2+,10.3,10.3+,10.4,10.4+,10.5,10.5+,10.6,10.6+,10.7,10.7+,10.8,10.8+,10.9,10.9+,11,11.0,11.0+,11.1,11.1+,11.2,11.2+,11.3,11.3+,11.4,11.4+,11.5,11.5+,11.6,11.6+,11.7,11.7+,11.8,11.8+,11.9,11.9+,12,12.0,12.0+,12.1,12.1+,12.2,12.2+,12.3,12.3+,12.4,12.4+,12.5,12.5+,12.6,12.6+,12.7,12.7+,12.8,12.8+,12.9,12.9+,13,13.0,13.0+,13.1,13.1+,13.2,13.2+,13.3,13.3+,13.4,13.4+,13.5,13.5+,13.6,13.6+,13.7,13.7+,13.8,13.8+,13.9,13.9+,14,14.0,14.0+,14.1,14.1+,14.2,14.2+,14.3,14.3+,14.4,14.4+,14.5,14.5+,14.6,14.6+,14.7,14.7+,14.8,14.8+,14.9,14.9+,15,15.0,15.0+,15.1,15.1+,15.2,15.2+,15.3,15.3+,15.4,15.4+,15.5,15.5+,15.6,15.6+,15.7,15.7+,15.8,15.8+,15.9,15.9+,16,16.0,16.0+,16.1,16.1+,16.2,16.2+,16.3,16.3+,16.4,16.4+,16.5,16.5+,16.6,16.6+,16.7,16.7+,16.8,16.8+,16.9,16.9+,17,17.0,17.0+,17.1,17.1+,17.2,17.2+,17.3,17.3+,17.4,17.4+,17.5,17.5+,17.6,17.6+,17.7,17.7+,17.8,17.8+,17.9,17.9+,18,18.0,18.0+,18.1,18.1+,18.2,18.2+,18.3,18.3+,18.4,18.4+,18.5,18.5+,18.6,18.6+,18.7,18.7+,18.8,18.8+,18.9,18.9+,19,19.0,19.0+,19.1,19.1+,19.2,19.2+,19.3,19.3+,19.4,19.4+,19.5,19.5+,19.6,19.6+,19.7,19.7+,19.8,19.8+,19.9,19.9+,20,20.0,20.0+,20.1,20.1+,20.2,20.2+,20.3,20.3+,20.4,20.4+,20.5,20.5+,20.6,20.6+,20.7,20.7+,20.8,20.8+,20.9,20.9+,21,21.0,21.0+,21.1,21.1+,21.2,21.2+,21.3,21.3+,21.4,21.4+,21.5,21.5+,21.6,21.6+,21.7,21.7+,21.8,21.8+,21.9,21.9+,22,22.0,22.0+,22.1,22.1+,22.2,22.2+,22.3,22.3+,22.4,22.4+,22.5,22.5+,22.6,22.6+,22.7,22.7+,22.8,22.8+,22.9,22.9+,23,23.0,23.0+,23.1,23.1+,23.2,23.2+,23.3,23.3+,23.4,23.4+,23.5,23.5+,23.6,23.6+,23.7,23.7+,23.8,23.8+,23.9,23.9+,24,24.0,24.0+,24.1,24.1+,24.2,24.2+,24.3,24.3+,24.4,24.4+,24.5,24.5+,24.6,24.6+,24.7,24.7+,24.8,24.8+,24.9,24.9+,25,25.0,25.0+,25.1,25.1+,25.2,25.2+,25.3,25.3+,25.4,25.4+,25.5,25.5+,25.6,25.6+,25.7,25.7+,25.8,25.8+,25.9,25.9+,26,26.0,26.0+
horsmastUsed=> 0
num_result=> 1000
least_run=> 2
same=> 'Race Class' AS SAME
daysBet=> 43
dayPreStart=> 22
selectedReport=> Race Class
reportCol=> LEFT(R.R_CLASS, LOCATE('.',R.R_CLASS) - 1) AS REPORT

Filters:2018-06-10 18:12:31
whereClause=> WHERE M.M_STATE IN ('TAS') AND M.M_DATE >= '2018-01-01' AND W.W_WGHT_CAR NOT IN ('uk', 'PEND') (94)
whereClause_WFA=> 
whereClause_trackcat=> 
whereClause_DOW=> 
whereClause_magin=> 
horsmastUsed=> 0
num_result=> 1000
least_run=> 2
same=> 'Day Since Previous Start' AS SAME
daysBet=> 36500
dayPreStart=> 36500
selectedReport=> Day Since Previous Start
reportCol=> 

